# JRE version: OpenJDK Runtime Environment Temurin-21.0.9+10 (21.0.9+10) (build 21.0.9+10-LTS)
# Java VM: OpenJDK 64-Bit Server VM Temurin-21.0.9+10 (21.0.9+10-LTS, mixed mode, sharing, tiered, compressed oops, compressed class ptrs, parallel gc, windows-amd64)
GC Precious Log:
 CardTable entry size: 512
 CPUs: 8 total, 8 available
 Memory: 16221M
 Large Page Support: Disabled
 NUMA Support: Disabled
 Compressed Oops: Enabled (32-bit)
 Alignments: Space 512K, Generation 512K, Heap 2M
 Heap Min Capacity: 100M
 Heap Initial Capacity: 100M
 Heap Max Capacity: 2G
 Pre-touch: Disabled
 Parallel Workers: 8
Heap:
 PSYoungGen      total 15872K, used 7207K [0x00000000d5580000, 0x00000000d6780000, 0x0000000100000000)
  eden space 14848K, 41% used [0x00000000d5580000,0x00000000d5b8bae0,0x00000000d6400000)
  from space 1024K, 99% used [0x00000000d6580000,0x00000000d667e470,0x00000000d6680000)
  to   space 1536K, 0% used [0x00000000d6400000,0x00000000d6400000,0x00000000d6580000)
 ParOldGen       total 81408K, used 58611K [0x0000000080000000, 0x0000000084f80000, 0x00000000d5580000)
  object space 81408K, 71% used [0x0000000080000000,0x000000008393cd98,0x0000000084f80000)
 Metaspace       used 61146K, committed 62592K, reserved 1114112K
  class space    used 6479K, committed 7104K, reserved 1048576K
GC Heap History (20 events):
Event: 26.419 GC heap before
{Heap before GC invocations=62 (full 2):
 PSYoungGen      total 17920K, used 17524K [0x00000000d5580000, 0x00000000d6800000, 0x0000000100000000)
  eden space 16896K, 100% used [0x00000000d5580000,0x00000000d6600000,0x00000000d6600000)
  from space 1024K, 61% used [0x00000000d6600000,0x00000000d669d148,0x00000000d6700000)
  to   space 1024K, 0% used [0x00000000d6700000,0x00000000d6700000,0x00000000d6800000)
 ParOldGen       total 78336K, used 78310K [0x0000000080000000, 0x0000000084c80000, 0x00000000d5580000)
  object space 78336K, 99% used [0x0000000080000000,0x0000000084c79a58,0x0000000084c80000)
 Metaspace       used 54885K, committed 56256K, reserved 1114112K
  class space    used 5928K, committed 6528K, reserved 1048576K
}
Event: 26.421 GC heap after
{Heap after GC invocations=62 (full 2):
 PSYoungGen      total 17920K, used 520K [0x00000000d5580000, 0x00000000d6800000, 0x0000000100000000)
  eden space 16896K, 0% used [0x00000000d5580000,0x00000000d5580000,0x00000000d6600000)
  from space 1024K, 50% used [0x00000000d6700000,0x00000000d6782220,0x00000000d6800000)
  to   space 1024K, 0% used [0x00000000d6600000,0x00000000d6600000,0x00000000d6700000)
 ParOldGen       total 78848K, used 78782K [0x0000000080000000, 0x0000000084d00000, 0x00000000d5580000)
  object space 78848K, 99% used [0x0000000080000000,0x0000000084cef9c8,0x0000000084d00000)
 Metaspace       used 54885K, committed 56256K, reserved 1114112K
  class space    used 5928K, committed 6528K, reserved 1048576K
}
Event: 27.023 GC heap before
{Heap before GC invocations=63 (full 2):
 PSYoungGen      total 17920K, used 17416K [0x00000000d5580000, 0x00000000d6800000, 0x0000000100000000)
  eden space 16896K, 100% used [0x00000000d5580000,0x00000000d6600000,0x00000000d6600000)
  from space 1024K, 50% used [0x00000000d6700000,0x00000000d6782220,0x00000000d6800000)
  to   space 1024K, 0% used [0x00000000d6600000,0x00000000d6600000,0x00000000d6700000)
 ParOldGen       total 78848K, used 78782K [0x0000000080000000, 0x0000000084d00000, 0x00000000d5580000)
  object space 78848K, 99% used [0x0000000080000000,0x0000000084cef9c8,0x0000000084d00000)
 Metaspace       used 55809K, committed 57216K, reserved 1114112K
  class space    used 6018K, committed 6656K, reserved 1048576K
}
Event: 27.024 GC heap after
{Heap after GC invocations=63 (full 2):
 PSYoungGen      total 17920K, used 448K [0x00000000d5580000, 0x00000000d6780000, 0x0000000100000000)
  eden space 16896K, 0% used [0x00000000d5580000,0x00000000d5580000,0x00000000d6600000)
  from space 1024K, 43% used [0x00000000d6600000,0x00000000d6670010,0x00000000d6700000)
  to   space 512K, 0% used [0x00000000d6700000,0x00000000d6700000,0x00000000d6780000)
 ParOldGen       total 79360K, used 79182K [0x0000000080000000, 0x0000000084d80000, 0x00000000d5580000)
  object space 79360K, 99% used [0x0000000080000000,0x0000000084d53be8,0x0000000084d80000)
 Metaspace       used 55809K, committed 57216K, reserved 1114112K
  class space    used 6018K, committed 6656K, reserved 1048576K
}
Event: 27.510 GC heap before
{Heap before GC invocations=64 (full 2):
 PSYoungGen      total 17920K, used 17344K [0x00000000d5580000, 0x00000000d6780000, 0x0000000100000000)
  eden space 16896K, 100% used [0x00000000d5580000,0x00000000d6600000,0x00000000d6600000)
  from space 1024K, 43% used [0x00000000d6600000,0x00000000d6670010,0x00000000d6700000)
  to   space 512K, 0% used [0x00000000d6700000,0x00000000d6700000,0x00000000d6780000)
 ParOldGen       total 79360K, used 79182K [0x0000000080000000, 0x0000000084d80000, 0x00000000d5580000)
  object space 79360K, 99% used [0x0000000080000000,0x0000000084d53be8,0x0000000084d80000)
 Metaspace       used 57394K, committed 58816K, reserved 1114112K
  class space    used 6144K, committed 6720K, reserved 1048576K
}
Event: 27.513 GC heap after
{Heap after GC invocations=64 (full 2):
 PSYoungGen      total 15872K, used 502K [0x00000000d5580000, 0x00000000d6b00000, 0x0000000100000000)
  eden space 15360K, 0% used [0x00000000d5580000,0x00000000d5580000,0x00000000d6480000)
  from space 512K, 98% used [0x00000000d6700000,0x00000000d677db78,0x00000000d6780000)
  to   space 2560K, 0% used [0x00000000d6480000,0x00000000d6480000,0x00000000d6700000)
 ParOldGen       total 80896K, used 80770K [0x0000000080000000, 0x0000000084f00000, 0x00000000d5580000)
  object space 80896K, 99% used [0x0000000080000000,0x0000000084ee0b00,0x0000000084f00000)
 Metaspace       used 57394K, committed 58816K, reserved 1114112K
  class space    used 6144K, committed 6720K, reserved 1048576K
}
Event: 27.714 GC heap before
{Heap before GC invocations=65 (full 2):
 PSYoungGen      total 15872K, used 15862K [0x00000000d5580000, 0x00000000d6b00000, 0x0000000100000000)
  eden space 15360K, 100% used [0x00000000d5580000,0x00000000d6480000,0x00000000d6480000)
  from space 512K, 98% used [0x00000000d6700000,0x00000000d677db78,0x00000000d6780000)
  to   space 2560K, 0% used [0x00000000d6480000,0x00000000d6480000,0x00000000d6700000)
 ParOldGen       total 80896K, used 80770K [0x0000000080000000, 0x0000000084f00000, 0x00000000d5580000)
  object space 80896K, 99% used [0x0000000080000000,0x0000000084ee0b00,0x0000000084f00000)
 Metaspace       used 57413K, committed 58816K, reserved 1114112K
  class space    used 6144K, committed 6720K, reserved 1048576K
}
Event: 27.718 GC heap after
{Heap after GC invocations=65 (full 2):
 PSYoungGen      total 16384K, used 918K [0x00000000d5580000, 0x00000000d6780000, 0x0000000100000000)
  eden space 15360K, 0% used [0x00000000d5580000,0x00000000d5580000,0x00000000d6480000)
  from space 1024K, 89% used [0x00000000d6480000,0x00000000d6565a60,0x00000000d6580000)
  to   space 1536K, 0% used [0x00000000d6600000,0x00000000d6600000,0x00000000d6780000)
 ParOldGen       total 81408K, used 81265K [0x0000000080000000, 0x0000000084f80000, 0x00000000d5580000)
  object space 81408K, 99% used [0x0000000080000000,0x0000000084f5c678,0x0000000084f80000)
 Metaspace       used 57413K, committed 58816K, reserved 1114112K
  class space    used 6144K, committed 6720K, reserved 1048576K
}
Event: 27.910 GC heap before
{Heap before GC invocations=66 (full 2):
 PSYoungGen      total 16384K, used 16278K [0x00000000d5580000, 0x00000000d6780000, 0x0000000100000000)
  eden space 15360K, 100% used [0x00000000d5580000,0x00000000d6480000,0x00000000d6480000)
  from space 1024K, 89% used [0x00000000d6480000,0x00000000d6565a60,0x00000000d6580000)
  to   space 1536K, 0% used [0x00000000d6600000,0x00000000d6600000,0x00000000d6780000)
 ParOldGen       total 81408K, used 81265K [0x0000000080000000, 0x0000000084f80000, 0x00000000d5580000)
  object space 81408K, 99% used [0x0000000080000000,0x0000000084f5c678,0x0000000084f80000)
 Metaspace       used 58026K, committed 59456K, reserved 1114112K
  class space    used 6198K, committed 6784K, reserved 1048576K
}
Event: 27.912 GC heap after
{Heap after GC invocations=66 (full 2):
 PSYoungGen      total 15872K, used 224K [0x00000000d5580000, 0x00000000d6680000, 0x0000000100000000)
  eden space 15360K, 0% used [0x00000000d5580000,0x00000000d5580000,0x00000000d6480000)
  from space 512K, 43% used [0x00000000d6600000,0x00000000d6638000,0x00000000d6680000)
  to   space 1024K, 0% used [0x00000000d6480000,0x00000000d6480000,0x00000000d6580000)
 ParOldGen       total 81408K, used 81297K [0x0000000080000000, 0x0000000084f80000, 0x00000000d5580000)
  object space 81408K, 99% used [0x0000000080000000,0x0000000084f64678,0x0000000084f80000)
 Metaspace       used 58026K, committed 59456K, reserved 1114112K
  class space    used 6198K, committed 6784K, reserved 1048576K
}
Event: 27.940 GC heap before
{Heap before GC invocations=67 (full 2):
 PSYoungGen      total 15872K, used 2403K [0x00000000d5580000, 0x00000000d6680000, 0x0000000100000000)
  eden space 15360K, 14% used [0x00000000d5580000,0x00000000d57a0f20,0x00000000d6480000)
  from space 512K, 43% used [0x00000000d6600000,0x00000000d6638000,0x00000000d6680000)
  to   space 1024K, 0% used [0x00000000d6480000,0x00000000d6480000,0x00000000d6580000)
 ParOldGen       total 81408K, used 81297K [0x0000000080000000, 0x0000000084f80000, 0x00000000d5580000)
  object space 81408K, 99% used [0x0000000080000000,0x0000000084f64678,0x0000000084f80000)
 Metaspace       used 58367K, committed 59776K, reserved 1114112K
  class space    used 6234K, committed 6848K, reserved 1048576K
}
Event: 27.941 GC heap after
{Heap after GC invocations=67 (full 2):
 PSYoungGen      total 16384K, used 192K [0x00000000d5580000, 0x00000000d6680000, 0x0000000100000000)
  eden space 15360K, 0% used [0x00000000d5580000,0x00000000d5580000,0x00000000d6480000)
  from space 1024K, 18% used [0x00000000d6480000,0x00000000d64b0000,0x00000000d6580000)
  to   space 512K, 0% used [0x00000000d6600000,0x00000000d6600000,0x00000000d6680000)
 ParOldGen       total 81408K, used 81353K [0x0000000080000000, 0x0000000084f80000, 0x00000000d5580000)
  object space 81408K, 99% used [0x0000000080000000,0x0000000084f72678,0x0000000084f80000)
 Metaspace       used 58367K, committed 59776K, reserved 1114112K
  class space    used 6234K, committed 6848K, reserved 1048576K
}
Event: 27.941 GC heap before
{Heap before GC invocations=68 (full 3):
 PSYoungGen      total 16384K, used 192K [0x00000000d5580000, 0x00000000d6680000, 0x0000000100000000)
  eden space 15360K, 0% used [0x00000000d5580000,0x00000000d5580000,0x00000000d6480000)
  from space 1024K, 18% used [0x00000000d6480000,0x00000000d64b0000,0x00000000d6580000)
  to   space 512K, 0% used [0x00000000d6600000,0x00000000d6600000,0x00000000d6680000)
 ParOldGen       total 81408K, used 81353K [0x0000000080000000, 0x0000000084f80000, 0x00000000d5580000)
  object space 81408K, 99% used [0x0000000080000000,0x0000000084f72678,0x0000000084f80000)
 Metaspace       used 58367K, committed 59776K, reserved 1114112K
  class space    used 6234K, committed 6848K, reserved 1048576K
}
Event: 28.081 GC heap after
{Heap after GC invocations=68 (full 3):
 PSYoungGen      total 16384K, used 0K [0x00000000d5580000, 0x00000000d6680000, 0x0000000100000000)
  eden space 15360K, 0% used [0x00000000d5580000,0x00000000d5580000,0x00000000d6480000)
  from space 1024K, 0% used [0x00000000d6480000,0x00000000d6480000,0x00000000d6580000)
  to   space 512K, 0% used [0x00000000d6600000,0x00000000d6600000,0x00000000d6680000)
 ParOldGen       total 81408K, used 57685K [0x0000000080000000, 0x0000000084f80000, 0x00000000d5580000)
  object space 81408K, 70% used [0x0000000080000000,0x00000000838556d0,0x0000000084f80000)
 Metaspace       used 58367K, committed 59776K, reserved 1114112K
  class space    used 6234K, committed 6848K, reserved 1048576K
}
Event: 28.847 GC heap before
{Heap before GC invocations=69 (full 3):
 PSYoungGen      total 16384K, used 15360K [0x00000000d5580000, 0x00000000d6680000, 0x0000000100000000)
  eden space 15360K, 100% used [0x00000000d5580000,0x00000000d6480000,0x00000000d6480000)
  from space 1024K, 0% used [0x00000000d6480000,0x00000000d6480000,0x00000000d6580000)
  to   space 512K, 0% used [0x00000000d6600000,0x00000000d6600000,0x00000000d6680000)
 ParOldGen       total 81408K, used 57685K [0x0000000080000000, 0x0000000084f80000, 0x00000000d5580000)
  object space 81408K, 70% used [0x0000000080000000,0x00000000838556d0,0x0000000084f80000)
 Metaspace       used 59261K, committed 60672K, reserved 1114112K
  class space    used 6328K, committed 6912K, reserved 1048576K
}
Event: 28.849 GC heap after
{Heap after GC invocations=69 (full 3):
 PSYoungGen      total 15872K, used 512K [0x00000000d5580000, 0x00000000d6680000, 0x0000000100000000)
  eden space 15360K, 0% used [0x00000000d5580000,0x00000000d5580000,0x00000000d6480000)
  from space 512K, 100% used [0x00000000d6600000,0x00000000d6680000,0x00000000d6680000)
  to   space 1024K, 0% used [0x00000000d6480000,0x00000000d6480000,0x00000000d6580000)
 ParOldGen       total 81408K, used 57781K [0x0000000080000000, 0x0000000084f80000, 0x00000000d5580000)
  object space 81408K, 70% used [0x0000000080000000,0x000000008386d6d0,0x0000000084f80000)
 Metaspace       used 59261K, committed 60672K, reserved 1114112K
  class space    used 6328K, committed 6912K, reserved 1048576K
}
Event: 29.273 GC heap before
{Heap before GC invocations=70 (full 3):
 PSYoungGen      total 15872K, used 15872K [0x00000000d5580000, 0x00000000d6680000, 0x0000000100000000)
  eden space 15360K, 100% used [0x00000000d5580000,0x00000000d6480000,0x00000000d6480000)
  from space 512K, 100% used [0x00000000d6600000,0x00000000d6680000,0x00000000d6680000)
  to   space 1024K, 0% used [0x00000000d6480000,0x00000000d6480000,0x00000000d6580000)
 ParOldGen       total 81408K, used 57781K [0x0000000080000000, 0x0000000084f80000, 0x00000000d5580000)
  object space 81408K, 70% used [0x0000000080000000,0x000000008386d6d0,0x0000000084f80000)
 Metaspace       used 59492K, committed 60992K, reserved 1114112K
  class space    used 6341K, committed 6976K, reserved 1048576K
}
Event: 29.275 GC heap after
{Heap after GC invocations=70 (full 3):
 PSYoungGen      total 16384K, used 576K [0x00000000d5580000, 0x00000000d6680000, 0x0000000100000000)
  eden space 15360K, 0% used [0x00000000d5580000,0x00000000d5580000,0x00000000d6480000)
  from space 1024K, 56% used [0x00000000d6480000,0x00000000d6510000,0x00000000d6580000)
  to   space 1024K, 0% used [0x00000000d6580000,0x00000000d6580000,0x00000000d6680000)
 ParOldGen       total 81408K, used 58301K [0x0000000080000000, 0x0000000084f80000, 0x00000000d5580000)
  object space 81408K, 71% used [0x0000000080000000,0x00000000838ef6f0,0x0000000084f80000)
 Metaspace       used 59492K, committed 60992K, reserved 1114112K
  class space    used 6341K, committed 6976K, reserved 1048576K
}
Event: 93.600 GC heap before
{Heap before GC invocations=71 (full 3):
 PSYoungGen      total 16384K, used 15936K [0x00000000d5580000, 0x00000000d6680000, 0x0000000100000000)
  eden space 15360K, 100% used [0x00000000d5580000,0x00000000d6480000,0x00000000d6480000)
  from space 1024K, 56% used [0x00000000d6480000,0x00000000d6510000,0x00000000d6580000)
  to   space 1024K, 0% used [0x00000000d6580000,0x00000000d6580000,0x00000000d6680000)
 ParOldGen       total 81408K, used 58301K [0x0000000080000000, 0x0000000084f80000, 0x00000000d5580000)
  object space 81408K, 71% used [0x0000000080000000,0x00000000838ef6f0,0x0000000084f80000)
 Metaspace       used 60709K, committed 62208K, reserved 1114112K
  class space    used 6444K, committed 7040K, reserved 1048576K
}
Event: 93.602 GC heap after
{Heap after GC invocations=71 (full 3):
 PSYoungGen      total 15872K, used 1017K [0x00000000d5580000, 0x00000000d6780000, 0x0000000100000000)
  eden space 14848K, 0% used [0x00000000d5580000,0x00000000d5580000,0x00000000d6400000)
  from space 1024K, 99% used [0x00000000d6580000,0x00000000d667e470,0x00000000d6680000)
  to   space 1536K, 0% used [0x00000000d6400000,0x00000000d6400000,0x00000000d6580000)
 ParOldGen       total 81408K, used 58611K [0x0000000080000000, 0x0000000084f80000, 0x00000000d5580000)
  object space 81408K, 71% used [0x0000000080000000,0x000000008393cd98,0x0000000084f80000)
 Metaspace       used 60709K, committed 62208K, reserved 1114112K
  class space    used 6444K, committed 7040K, reserved 1048576K
}

